<?xml version="1.0" encoding="UTF-8"?>
<testsuite name="com.bridgelabz.selenium.selenium1.SeleniumDBT" tests="1" skipped="0" failures="0" errors="0" timestamp="2021-08-03T07:18:16" hostname="DESKTOP-389CR00" time="0.071">
  <properties/>
  <testcase name="should_UpdataDataInDatabase" classname="com.bridgelabz.selenium.selenium1.SeleniumDBT" time="0.071"/>
  <system-out><![CDATA[]]></system-out>
  <system-err><![CDATA[]]></system-err>
</testsuite>
